Arguments: 
  /opt/local/bin/node /Users/ajm/.cache/node/corepack/yarn/1.22.19/bin/yarn.js init

PATH: 
  /Users/ajm/bin:/usr/local/opt/ruby/bin:/usr/local/lib/ruby/gems/2.7.0/bin:/snap/bin:/Users/ajm/.cargo/bin:/opt/local/bin:/opt/local/sbin:/Applications/Postgres.app/Contents/Versions/latest/bin:/Users/ajm/.fzf/bin:/usr/local/go/bin:/Users/ajm/.deno/bin/:/Users/ajm/android-platform-tools:/Users/ajm/go/bin:/Users/ajm/.emacs.d/bin:/Applications/Racket/bin:/Users/ajm/Library/Python/3.8/bin:/usr/local/bin:/System/Cryptexes/App/usr/bin:/usr/bin:/bin:/usr/sbin:/sbin

Yarn version: 
  1.22.19

Node version: 
  16.19.0

Platform: 
  darwin arm64

Trace: 
  Error: canceled
      at Interface.<anonymous> (/Users/ajm/.cache/node/corepack/yarn/1.22.19/lib/cli.js:137150:13)
      at Interface.emit (node:events:513:28)
      at Interface._ttyWrite (node:readline:1085:16)
      at ReadStream.onkeypress (node:readline:291:10)
      at ReadStream.emit (node:events:513:28)
      at emitKeys (node:internal/readline/utils:357:14)
      at emitKeys.next (<anonymous>)
      at ReadStream.onData (node:internal/readline/emitKeypressEvents:61:36)
      at ReadStream.emit (node:events:513:28)
      at addChunk (node:internal/streams/readable:315:12)

npm manifest: 
  {
    "scripts": {
      "setup": "cd terraform; terraform1.4 init",
      "format": "terraform1.4 fmt",
      "convert-zones": "fish convert-zones.fish",
      "plan": "cd terraform; terraform1.4 plan",
      "apply": "cd terraform; terraform1.4 apply",
      "destroy": "cd terraform; terraform1.4 destroy",
      "go": "yarn convert-zones && yarn noninteractive-apply && yarn invalidate-cache",
      "invalidate-cache": "aws cloudfront create-invalidation --distribution-id E33O8785IAZ2F9 --paths '/index.html'",
      "noninteractive-apply": "cd terraform; yes yes | terraform1.4 apply"
    }
  }

yarn manifest: 
  No manifest

Lockfile: 
  # THIS IS AN AUTOGENERATED FILE. DO NOT EDIT THIS FILE DIRECTLY.
  # yarn lockfile v1
